<?xml version="1.0" encoding="UTF-8"?>
<testng-results ignored="0" total="1" passed="1" failed="0" skipped="0">
  <reporter-output>
  </reporter-output>
  <suite started-at="2026-06-17T22:50:39 IST" name="Default suite" finished-at="2026-06-17T22:50:52 IST" duration-ms="13082">
    <groups>
    </groups>
    <test started-at="2026-06-17T22:50:39 IST" name="Default test" finished-at="2026-06-17T22:50:52 IST" duration-ms="13082">
      <class name="com.test.DeleteNoteTest">
        <test-method signature="deleteNoteTest()[pri:0, instance:com.test.DeleteNoteTest@34123d65]" started-at="2026-06-17T22:50:39 IST" name="deleteNoteTest" finished-at="2026-06-17T22:50:52 IST" duration-ms="13027" status="PASS">
          <reporter-output>
          </reporter-output>
        </test-method> <!-- deleteNoteTest -->
      </class> <!-- com.test.DeleteNoteTest -->
    </test> <!-- Default test -->
  </suite> <!-- Default suite -->
</testng-results>
