<?xml version="1.0" encoding="UTF-8"?>
<testng-results ignored="0" total="3" passed="3" failed="0" skipped="0">
  <reporter-output>
  </reporter-output>
  <suite started-at="2026-06-22T22:28:16 IST" name="Default suite" finished-at="2026-06-22T22:28:29 IST" duration-ms="13469">
    <groups>
    </groups>
    <test started-at="2026-06-22T22:28:16 IST" name="Default test" finished-at="2026-06-22T22:28:29 IST" duration-ms="13469">
      <class name="com.test.GetAllNotesTest">
        <test-method signature="getAllNoteWithParamTest()[pri:0, instance:com.test.GetAllNotesTest@475c9c31]" started-at="2026-06-22T22:28:16 IST" name="getAllNoteWithParamTest" finished-at="2026-06-22T22:28:25 IST" duration-ms="8994" status="PASS">
          <reporter-output>
          </reporter-output>
        </test-method> <!-- getAllNoteWithParamTest -->
        <test-method signature="getAllNotes()[pri:0, instance:com.test.GetAllNotesTest@475c9c31]" started-at="2026-06-22T22:28:25 IST" name="getAllNotes" finished-at="2026-06-22T22:28:28 IST" duration-ms="2759" status="PASS">
          <reporter-output>
          </reporter-output>
        </test-method> <!-- getAllNotes -->
        <test-method signature="getAllNotesWithNegativePageTest()[pri:0, instance:com.test.GetAllNotesTest@475c9c31]" started-at="2026-06-22T22:28:28 IST" name="getAllNotesWithNegativePageTest" finished-at="2026-06-22T22:28:29 IST" duration-ms="1614" status="PASS">
          <reporter-output>
          </reporter-output>
        </test-method> <!-- getAllNotesWithNegativePageTest -->
      </class> <!-- com.test.GetAllNotesTest -->
    </test> <!-- Default test -->
  </suite> <!-- Default suite -->
</testng-results>
