<?xml version="1.0" encoding="UTF-8"?>
<!-- Generated by org.testng.reporters.JUnitXMLReporter -->
<testsuite ignored="0" hostname="LAPTOP-4AAG13DH" failures="0" tests="3" name="Default test" time="13.469" errors="0" timestamp="2026-06-22T22:28:29 IST">
  <testcase classname="com.test.GetAllNotesTest" name="getAllNoteWithParamTest" time="8.994"/>
  <testcase classname="com.test.GetAllNotesTest" name="getAllNotes" time="2.759"/>
  <testcase classname="com.test.GetAllNotesTest" name="getAllNotesWithNegativePageTest" time="1.614"/>
</testsuite> <!-- Default test -->
