<?xml version="1.0" encoding="UTF-8"?>
<!-- Generated by org.testng.reporters.JUnitReportReporter -->
<testsuite hostname="LAPTOP-4AAG13DH" failures="0" tests="4" name="com.test.LoginTest" time="12.585" errors="0" timestamp="2026-06-22T19:57:08 IST" skipped="0">
  <testcase classname="com.test.LoginTest" name="missingPasswordTest" time="0.763"/>
  <testcase classname="com.test.LoginTest" name="loginTest" time="4.429"/>
  <testcase classname="com.test.LoginTest" name="invalidEmailTest" time="3.741"/>
  <testcase classname="com.test.LoginTest" name="wrongPasswordTest" time="3.652"/>
</testsuite> <!-- com.test.LoginTest -->
